<?xml version="1.0" encoding="UTF-8"?>
<!-- Generated by org.testng.reporters.JUnitXMLReporter -->
<testsuite ignored="0" hostname="DESKTOP-P395KGN" failures="1" tests="6" name="Test" time="0.188" errors="0" timestamp="2022-12-07T23:00:25 IST">
  <testcase classname="TestNG_Practice.sample1" name="abc" time="0.025"/>
  <testcase classname="TestNG_Practice.sample1" name="pqr" time="0.015"/>
  <testcase classname="TestNG_Practice.sample1" name="xyz" time="0.003">
    <failure type="java.lang.AssertionError" message="null">
      <![CDATA[java.lang.AssertionError: null
at TestNG_Practice.sample1.xyz(sample1.java:19)
at java.base/java.util.ArrayList.forEach(ArrayList.java:1511)
... Removed 27 stack frames]]>
    </failure>
  </testcase> <!-- xyz -->
  <testcase classname="TestNG_Practice.sample2" name="pqr" time="0.005"/>
  <testcase classname="TestNG_Practice.sample2" name="xyz" time="0.007"/>
  <testcase classname="TestNG_Practice.sample2" name="abc" time="0.006"/>
</testsuite> <!-- Test -->
