<?xml version="1.0" encoding="UTF-8"?>
<testng-results ignored="0" total="1" passed="1" failed="0" skipped="0">
  <reporter-output>
  </reporter-output>
  <suite started-at="2022-12-16T14:25:44 IST" name="Default suite" finished-at="2022-12-16T14:26:01 IST" duration-ms="17023">
    <groups>
    </groups>
    <test started-at="2022-12-16T14:25:44 IST" name="Default test" finished-at="2022-12-16T14:26:01 IST" duration-ms="17023">
      <class name="d.s.TestBase.TestBase">
        <test-method signature="setup()[pri:0, instance:d.s.TestBase.TestBase@70e8f8e]" started-at="2022-12-16T14:25:45 IST" name="setup" finished-at="2022-12-16T14:26:01 IST" duration-ms="16869" status="PASS">
          <reporter-output>
          </reporter-output>
        </test-method> <!-- setup -->
      </class> <!-- d.s.TestBase.TestBase -->
    </test> <!-- Default test -->
  </suite> <!-- Default suite -->
</testng-results>
