<?xml version="1.0" encoding="UTF-8"?>
<testng-results ignored="0" total="1" passed="1" failed="0" skipped="0">
  <reporter-output>
  </reporter-output>
  <suite started-at="2022-12-11T00:13:42 IST" name="Default suite" finished-at="2022-12-11T00:13:52 IST" duration-ms="10596">
    <groups>
    </groups>
    <test started-at="2022-12-11T00:13:42 IST" name="Default test" finished-at="2022-12-11T00:13:52 IST" duration-ms="10596">
      <class name="KiteZerodha.TestBase.TestBase">
        <test-method signature="setup()[pri:0, instance:KiteZerodha.TestBase.TestBase@5ae50ce6]" started-at="2022-12-11T00:13:42 IST" name="setup" finished-at="2022-12-11T00:13:52 IST" duration-ms="10508" status="PASS">
          <reporter-output>
          </reporter-output>
        </test-method> <!-- setup -->
      </class> <!-- KiteZerodha.TestBase.TestBase -->
    </test> <!-- Default test -->
  </suite> <!-- Default suite -->
</testng-results>
